TN:
SF:app.js
FN:21,(anonymous_0)
FN:43,(anonymous_1)
FN:47,(anonymous_2)
FN:57,(anonymous_3)
FN:61,(anonymous_4)
FN:62,(anonymous_5)
FN:72,(anonymous_6)
FN:80,(anonymous_7)
FN:87,(anonymous_8)
FN:94,(anonymous_9)
FNF:10
FNH:7
FNDA:1,(anonymous_0)
FNDA:8,(anonymous_1)
FNDA:8,(anonymous_2)
FNDA:0,(anonymous_3)
FNDA:0,(anonymous_4)
FNDA:0,(anonymous_5)
FNDA:1,(anonymous_6)
FNDA:1,(anonymous_7)
FNDA:1,(anonymous_8)
FNDA:1,(anonymous_9)
DA:1,1
DA:2,1
DA:3,1
DA:4,1
DA:5,1
DA:6,1
DA:7,1
DA:8,1
DA:9,1
DA:12,1
DA:13,1
DA:14,1
DA:16,1
DA:22,1
DA:23,0
DA:29,1
DA:31,1
DA:39,1
DA:43,1
DA:45,8
DA:48,8
DA:49,0
DA:50,0
DA:52,8
DA:57,1
DA:58,0
DA:61,1
DA:62,0
DA:63,0
DA:64,0
DA:65,0
DA:67,0
DA:72,1
DA:73,1
DA:74,1
DA:80,1
DA:81,1
DA:82,1
DA:87,1
DA:88,1
DA:89,1
DA:94,1
DA:95,1
LF:43
LH:34
BRDA:22,0,0,0
BRDA:22,0,1,1
BRDA:48,1,0,0
BRDA:48,1,1,8
BRDA:63,2,0,0
BRDA:63,2,1,0
BRF:6
BRH:2
end_of_record
